[2/8/2025, 21.19.30] [INFO] Command loaded: addowner
[2/8/2025, 21.19.30] [INFO] Command loaded: addprem
[2/8/2025, 21.19.30] [INFO] Command loaded: ban
[2/8/2025, 21.19.30] [INFO] Command loaded: cekid
[2/8/2025, 21.19.30] [INFO] Command loaded: delowner
[2/8/2025, 21.19.30] [INFO] Command loaded: delprem
[2/8/2025, 21.19.30] [INFO] Command loaded: ownerfeature
[2/8/2025, 21.19.30] [INFO] Command loaded: premiumfeature
[2/8/2025, 21.19.30] [INFO] Command loaded: premiumfeature
[2/8/2025, 21.19.30] [INFO] Command loaded: setnamebot
[2/8/2025, 21.19.30] [INFO] Command loaded: setownername
[2/8/2025, 21.19.30] [INFO] Command loaded: setthumb
[2/8/2025, 21.19.30] [INFO] Command loaded: start
[2/8/2025, 21.19.30] [INFO] Command loaded: tebak
[2/8/2025, 21.19.30] [INFO] Bot started!
[2/8/2025, 21.25.59] [INFO] Command loaded: addowner
[2/8/2025, 21.25.59] [INFO] Command loaded: addprem
[2/8/2025, 21.25.59] [INFO] Command loaded: ban
[2/8/2025, 21.25.59] [INFO] Command loaded: cekid
[2/8/2025, 21.25.59] [INFO] Command loaded: delowner
[2/8/2025, 21.25.59] [INFO] Command loaded: delprem
[2/8/2025, 21.25.59] [INFO] Command loaded: ownerfeature
[2/8/2025, 21.25.59] [INFO] Command loaded: premiumfeature
[2/8/2025, 21.25.59] [INFO] Command loaded: premiumfeature
[2/8/2025, 21.25.59] [INFO] Command loaded: setnamebot
[2/8/2025, 21.25.59] [INFO] Command loaded: setownername
[2/8/2025, 21.25.59] [INFO] Command loaded: setthumb
[2/8/2025, 21.25.59] [INFO] Command loaded: start
[2/8/2025, 21.25.59] [INFO] Command loaded: tebak
[2/8/2025, 21.25.59] [INFO] Bot started!
[2/8/2025, 21.28.01] [INFO] Command loaded: addowner
[2/8/2025, 21.28.01] [INFO] Command loaded: addprem
[2/8/2025, 21.28.01] [INFO] Command loaded: ban
[2/8/2025, 21.28.01] [INFO] Command loaded: cekid
[2/8/2025, 21.28.01] [INFO] Command loaded: delowner
[2/8/2025, 21.28.01] [INFO] Command loaded: delprem
[2/8/2025, 21.28.01] [INFO] Command loaded: groupfeature
[2/8/2025, 21.28.01] [INFO] Command loaded: premiumfeature
[2/8/2025, 21.28.01] [INFO] Command loaded: premiumfeature
[2/8/2025, 21.28.01] [INFO] Command loaded: setnamebot
[2/8/2025, 21.28.01] [INFO] Command loaded: setownername
[2/8/2025, 21.28.01] [INFO] Command loaded: setthumb
[2/8/2025, 21.28.01] [INFO] Command loaded: start
[2/8/2025, 21.28.01] [INFO] Command loaded: tebak
[2/8/2025, 21.28.01] [INFO] Bot started!
[2/8/2025, 21.30.37] [WARN] Link terdeteksi dan dihapus dari private oleh Fathur (8066657555)
[2/8/2025, 21.30.42] [WARN] Link terdeteksi dan dihapus dari private oleh Fathur (8066657555)
[2/8/2025, 21.30.45] [WARN] Link terdeteksi dan dihapus dari private oleh Fathur (8066657555)
[2/8/2025, 21.30.45] [ERROR] Gagal menghapus pesan atau mengelola warn: 400: Bad Request: can't ban members in private chats
[2/8/2025, 21.30.48] [WARN] Link terdeteksi dan dihapus dari private oleh Fathur (8066657555)
[2/8/2025, 21.30.48] [ERROR] Gagal menghapus pesan atau mengelola warn: 400: Bad Request: can't ban members in private chats
[2/8/2025, 21.31.11] [WARN] Link terdeteksi dan dihapus dari jawa oleh Fathur (8066657555)
[2/8/2025, 21.31.15] [WARN] Link terdeteksi dan dihapus dari jawa oleh Fathur (8066657555)
[2/8/2025, 21.31.18] [WARN] Link terdeteksi dan dihapus dari jawa oleh Fathur (8066657555)
